<?xml version="1.0" encoding="UTF-8"?>
<testsuite name="umc.spring.ApplicationTests" tests="1" skipped="0" failures="0" errors="0" timestamp="2024-11-14T07:46:20" hostname="LAPTOP-9OOKEOJR" time="1.006">
  <properties/>
  <testcase name="contextLoads()" classname="umc.spring.ApplicationTests" time="1.006"/>
  <system-out><![CDATA[16:46:09.918 [Test worker] INFO org.springframework.test.context.support.AnnotationConfigContextLoaderUtils -- Could not detect default configuration classes for test class [umc.spring.ApplicationTests]: ApplicationTests does not declare any static, non-private, non-final, nested classes annotated with @Configuration.
16:46:10.159 [Test worker] INFO org.springframework.boot.test.context.SpringBootTestContextBootstrapper -- Found @SpringBootConfiguration umc.spring.Application for test class umc.spring.ApplicationTests

  .   ____          _            __ _ _
 /\\ / ___'_ __ _ _(_)_ __  __ _ \ \ \ \
( ( )\___ | '_ | '_| | '_ \/ _` | \ \ \ \
 \\/  ___)| |_)| | | | | || (_| |  ) ) ) )
  '  |____| .__|_| |_|_| |_\__, | / / / /
 =========|_|==============|___/=/_/_/_/

 :: Spring Boot ::                (v3.3.4)

2024-11-14T16:46:11.057+09:00  INFO 24564 --- [spring] [    Test worker] umc.spring.ApplicationTests              : Starting ApplicationTests using Java 17.0.10 with PID 24564 (started by jhhso in C:\spring\spring)
2024-11-14T16:46:11.061+09:00  INFO 24564 --- [spring] [    Test worker] umc.spring.ApplicationTests              : No active profile set, falling back to 1 default profile: "default"
2024-11-14T16:46:12.334+09:00  INFO 24564 --- [spring] [    Test worker] .s.d.r.c.RepositoryConfigurationDelegate : Bootstrapping Spring Data JPA repositories in DEFAULT mode.
2024-11-14T16:46:12.388+09:00  INFO 24564 --- [spring] [    Test worker] .s.d.r.c.RepositoryConfigurationDelegate : Finished Spring Data repository scanning in 41 ms. Found 0 JPA repository interfaces.
2024-11-14T16:46:13.503+09:00  INFO 24564 --- [spring] [    Test worker] o.hibernate.jpa.internal.util.LogHelper  : HHH000204: Processing PersistenceUnitInfo [name: default]
2024-11-14T16:46:13.648+09:00  INFO 24564 --- [spring] [    Test worker] org.hibernate.Version                    : HHH000412: Hibernate ORM core version 6.5.3.Final
2024-11-14T16:46:13.754+09:00  INFO 24564 --- [spring] [    Test worker] o.h.c.internal.RegionFactoryInitiator    : HHH000026: Second-level cache disabled
2024-11-14T16:46:14.508+09:00  INFO 24564 --- [spring] [    Test worker] o.s.o.j.p.SpringPersistenceUnitInfo      : No LoadTimeWeaver setup: ignoring JPA class transformer
2024-11-14T16:46:14.556+09:00  INFO 24564 --- [spring] [    Test worker] com.zaxxer.hikari.HikariDataSource       : HikariPool-1 - Starting...
2024-11-14T16:46:15.152+09:00  INFO 24564 --- [spring] [    Test worker] com.zaxxer.hikari.pool.HikariPool        : HikariPool-1 - Added connection com.mysql.cj.jdbc.ConnectionImpl@5a6efe33
2024-11-14T16:46:15.152+09:00  INFO 24564 --- [spring] [    Test worker] com.zaxxer.hikari.HikariDataSource       : HikariPool-1 - Start completed.
2024-11-14T16:46:15.296+09:00  WARN 24564 --- [spring] [    Test worker] org.hibernate.orm.deprecation            : HHH90000025: MySQL8Dialect does not need to be specified explicitly using 'hibernate.dialect' (remove the property setting and it will be selected by default)
2024-11-14T16:46:15.298+09:00  WARN 24564 --- [spring] [    Test worker] org.hibernate.orm.deprecation            : HHH90000026: MySQL8Dialect has been deprecated; use org.hibernate.dialect.MySQLDialect instead
2024-11-14T16:46:17.577+09:00  INFO 24564 --- [spring] [    Test worker] o.h.e.t.j.p.i.JtaPlatformInitiator       : HHH000489: No JTA platform available (set 'hibernate.transaction.jta.platform' to enable JTA platform integration)
Hibernate: 
    alter table member_food 
       drop 
       foreign key FKj1eo2o1lys37eeqycfahfr0h9
Hibernate: 
    alter table member_food 
       drop 
       foreign key FK5i0iwac2dcdifkxtb64cd17o8
Hibernate: 
    alter table member_mission 
       drop 
       foreign key FKpgw7uojmq1tkna2ubpxmhlyuo
Hibernate: 
    alter table member_mission 
       drop 
       foreign key FKibnub11mc8k2g39v44smt9jqi
Hibernate: 
    alter table member_term 
       drop 
       foreign key FKrtih56dvkore774vnao4lglic
Hibernate: 
    alter table member_term 
       drop 
       foreign key FK99valiqden00uing9dy6221uy
Hibernate: 
    alter table mission 
       drop 
       foreign key FKckx1b8plp95qtdk73kylhy12n
Hibernate: 
    alter table review 
       drop 
       foreign key FKk0ccx5i4ci2wd70vegug074w1
Hibernate: 
    alter table review 
       drop 
       foreign key FK74d12ba8sxxu9vpnc59b43y30
Hibernate: 
    alter table store 
       drop 
       foreign key FKiecbc1b9m21semcf714lasyi5
Hibernate: 
    drop table if exists food
Hibernate: 
    drop table if exists member
Hibernate: 
    drop table if exists member_food
Hibernate: 
    drop table if exists member_mission
Hibernate: 
    drop table if exists member_term
Hibernate: 
    drop table if exists mission
Hibernate: 
    drop table if exists region
Hibernate: 
    drop table if exists review
Hibernate: 
    drop table if exists store
Hibernate: 
    drop table if exists term
Hibernate: 
    create table food (
        created_at datetime(6),
        id bigint not null auto_increment,
        updated_at datetime(6),
        name varchar(255),
        primary key (id)
    ) engine=InnoDB
Hibernate: 
    create table member (
        inactive_date date,
        point integer,
        created_at datetime(6),
        id bigint not null auto_increment,
        updated_at datetime(6),
        address varchar(255),
        email varchar(255),
        name varchar(255),
        spec_address varchar(255),
        gender enum ('FEMALE','MALE'),
        social_type enum ('APPLE','GOOGLE','KAKAO','NAVER'),
        status enum ('ACTIVE','INACTIVE'),
        primary key (id)
    ) engine=InnoDB
Hibernate: 
    create table member_food (
        created_at datetime(6),
        food_id bigint not null,
        id bigint not null auto_increment,
        member_id bigint not null,
        updated_at datetime(6),
        primary key (id)
    ) engine=InnoDB
Hibernate: 
    create table member_mission (
        created_at datetime(6),
        id bigint not null auto_increment,
        member_id bigint not null,
        mission_id bigint not null,
        updated_at datetime(6),
        status enum ('COMPLETE','ONGOING'),
        primary key (id)
    ) engine=InnoDB
Hibernate: 
    create table member_term (
        created_at datetime(6),
        id bigint not null auto_increment,
        member_id bigint not null,
        term_id bigint not null,
        updated_at datetime(6),
        primary key (id)
    ) engine=InnoDB
Hibernate: 
    create table mission (
        deadline date,
        reward integer,
        created_at datetime(6),
        id bigint not null auto_increment,
        store_id bigint not null,
        updated_at datetime(6),
        mission_spec varchar(255),
        primary key (id)
    ) engine=InnoDB
Hibernate: 
    create table region (
        created_at datetime(6),
        id bigint not null auto_increment,
        updated_at datetime(6),
        name varchar(255),
        primary key (id)
    ) engine=InnoDB
Hibernate: 
    create table review (
        score float(23),
        created_at datetime(6),
        id bigint not null auto_increment,
        member_id bigint not null,
        store_id bigint not null,
        updated_at datetime(6),
        title varchar(255),
        primary key (id)
    ) engine=InnoDB
Hibernate: 
    create table store (
        score float(23),
        created_at datetime(6),
        id bigint not null auto_increment,
        region_id bigint not null,
        updated_at datetime(6),
        address varchar(255),
        name varchar(255),
        primary key (id)
    ) engine=InnoDB
Hibernate: 
    create table term (
        optional bit,
        created_at datetime(6),
        id bigint not null auto_increment,
        updated_at datetime(6),
        body varchar(255),
        title varchar(255),
        primary key (id)
    ) engine=InnoDB
Hibernate: 
    alter table member_food 
       add constraint FKj1eo2o1lys37eeqycfahfr0h9 
       foreign key (food_id) 
       references food (id)
Hibernate: 
    alter table member_food 
       add constraint FK5i0iwac2dcdifkxtb64cd17o8 
       foreign key (member_id) 
       references member (id)
Hibernate: 
    alter table member_mission 
       add constraint FKpgw7uojmq1tkna2ubpxmhlyuo 
       foreign key (member_id) 
       references member (id)
Hibernate: 
    alter table member_mission 
       add constraint FKibnub11mc8k2g39v44smt9jqi 
       foreign key (mission_id) 
       references mission (id)
Hibernate: 
    alter table member_term 
       add constraint FKrtih56dvkore774vnao4lglic 
       foreign key (member_id) 
       references member (id)
Hibernate: 
    alter table member_term 
       add constraint FK99valiqden00uing9dy6221uy 
       foreign key (term_id) 
       references term (id)
Hibernate: 
    alter table mission 
       add constraint FKckx1b8plp95qtdk73kylhy12n 
       foreign key (store_id) 
       references store (id)
Hibernate: 
    alter table review 
       add constraint FKk0ccx5i4ci2wd70vegug074w1 
       foreign key (member_id) 
       references member (id)
Hibernate: 
    alter table review 
       add constraint FK74d12ba8sxxu9vpnc59b43y30 
       foreign key (store_id) 
       references store (id)
Hibernate: 
    alter table store 
       add constraint FKiecbc1b9m21semcf714lasyi5 
       foreign key (region_id) 
       references region (id)
2024-11-14T16:46:19.043+09:00  INFO 24564 --- [spring] [    Test worker] j.LocalContainerEntityManagerFactoryBean : Initialized JPA EntityManagerFactory for persistence unit 'default'
2024-11-14T16:46:19.393+09:00  WARN 24564 --- [spring] [    Test worker] JpaBaseConfiguration$JpaWebConfiguration : spring.jpa.open-in-view is enabled by default. Therefore, database queries may be performed during view rendering. Explicitly configure spring.jpa.open-in-view to disable this warning
2024-11-14T16:46:20.750+09:00  INFO 24564 --- [spring] [    Test worker] umc.spring.ApplicationTests              : Started ApplicationTests in 10.273 seconds (process running for 12.855)
]]></system-out>
  <system-err><![CDATA[]]></system-err>
</testsuite>
